<?xml version="1.0" encoding="UTF-8"?>
<testsuite name="Run on Firefox"
           tests="3"
           failures="0"
           errors="0"
           skipped="0"
           time="27.682">
  <properties />
  
  
            <testcase name="Home_02_Element_Undisplayed_Displayed_In_HTML" time="3.123" classname="com.facebook.home.Element_Undisplayed" />
                <testcase name="Home_01_Element_Displayed" time="1.131" classname="com.facebook.home.Element_Undisplayed" />
                <testcase name="Home_03_Element_Undisplayed_Displayed_Not_In_HTML" time="23.428" classname="com.facebook.home.Element_Undisplayed" />
      
</testsuite>
